This is pdfeTeXk, Version 3.141592-1.21a-2.2 (Web2C 7.5.4) (format=pdflatex 2009.10.16)  1 MAR 2010 07:30
entering extended mode
 file:line:error style messages enabled.
 %&-line parsing enabled.
**paper
(./paper.tex
LaTeX2e <2003/12/01>
Babel <v3.8d> and hyphenation patterns for american, french, german, ngerman, b
ahasa, basque, bulgarian, catalan, croatian, czech, danish, dutch, esperanto, e
stonian, finnish, greek, icelandic, irish, italian, latin, magyar, norsk, polis
h, portuges, romanian, russian, serbian, slovak, slovene, spanish, swedish, tur
kish, ukrainian, nohyphenation, loaded.
(/usr/share/texmf/tex/latex/base/article.cls
Document Class: article 2004/02/16 v1.4f Standard LaTeX document class
(/usr/share/texmf/tex/latex/base/size10.clo
File: size10.clo 2004/02/16 v1.4f Standard LaTeX file (size option)
)
\c@part=\count79
\c@section=\count80
\c@subsection=\count81
\c@subsubsection=\count82
\c@paragraph=\count83
\c@subparagraph=\count84
\c@figure=\count85
\c@table=\count86
\abovecaptionskip=\skip41
\belowcaptionskip=\skip42
\bibindent=\dimen102
)

! LaTeX Error: File `tikz.sty' not found.

Type X to quit or <RETURN> to proceed,
or enter new name. (Default extension: sty)

Enter file name: 
(/usr/share/texmf/tex/latex/algorithms/algorithmic.sty
Package: algorithmic 

Document Style `algorithmic' - environment
(/usr/share/texmf/tex/latex/base/ifthen.sty
Package: ifthen 2001/05/26 v1.1c Standard LaTeX ifthen package (DPC)
)
(/usr/share/texmf/tex/latex/tools/calc.sty
Package: calc 1998/07/07 v4.1b Infix arithmetic (KKT,FJ)
\calc@Acount=\count87
\calc@Bcount=\count88
\calc@Adimen=\dimen103
\calc@Bdimen=\dimen104
\calc@Askip=\skip43
\calc@Bskip=\skip44
LaTeX Info: Redefining \setlength on input line 59.
LaTeX Info: Redefining \addtolength on input line 60.
\calc@denominator=\count89
)
\c@ALC@line=\count90
\c@ALC@rem=\count91
\c@ALC@depth=\count92
\ALC@tlm=\skip45
)
./paper.tex:5: Undefined control sequence.
<recently read> \usetikzlibrary 
                                
l.5 \usetikzlibrary
                   {petri,automata,matrix,backgrounds,arrows}
? q
OK, entering \batchmode...

./paper.tex:5: LaTeX Error: Missing \begin{document}.

See the LaTeX manual or LaTeX Companion for explanation.
Type  H <return>  for immediate help.
 ...                                              
                                                  
l.5 \usetikzlibrary{p
                     etri,automata,matrix,backgrounds,arrows}
You're in trouble here.  Try typing  <return>  to proceed.
If that doesn't work, type  X <return>  to quit.

No file paper.aux.
\openout1 = `paper.aux'.

LaTeX Font Info:    Checking defaults for OML/cmm/m/it on input line 10.
LaTeX Font Info:    ... okay on input line 10.
LaTeX Font Info:    Checking defaults for T1/cmr/m/n on input line 10.
LaTeX Font Info:    ... okay on input line 10.
LaTeX Font Info:    Checking defaults for OT1/cmr/m/n on input line 10.
LaTeX Font Info:    ... okay on input line 10.
LaTeX Font Info:    Checking defaults for OMS/cmsy/m/n on input line 10.
LaTeX Font Info:    ... okay on input line 10.
LaTeX Font Info:    Checking defaults for OMX/cmex/m/n on input line 10.
LaTeX Font Info:    ... okay on input line 10.
LaTeX Font Info:    Checking defaults for U/cmr/m/n on input line 10.
LaTeX Font Info:    ... okay on input line 10.
 [1

{/var/lib/texmf/fonts/map/pdftex/updmap/pdftex.map}]
LaTeX Font Info:    External font `cmex10' loaded for size
(Font)              <12> on input line 11.
LaTeX Font Info:    External font `cmex10' loaded for size
(Font)              <8> on input line 11.
LaTeX Font Info:    External font `cmex10' loaded for size
(Font)              <6> on input line 11.
 [2]
LaTeX Font Info:    External font `cmex10' loaded for size
(Font)              <7> on input line 26.
LaTeX Font Info:    External font `cmex10' loaded for size
(Font)              <5> on input line 26.

./paper.tex:30: LaTeX Error: Environment tikzpicture undefined.

See the LaTeX manual or LaTeX Companion for explanation.
Type  H <return>  for immediate help.
 ...                                              
                                                  
l.30 		\begin{tikzpicture}
                           [background rectangle/.style={fill=yellow!20}, fr...

Your command was ignored.
Type  I <command> <return>  to replace it with another command,
or  <return>  to continue without it.


./paper.tex:41: LaTeX Error: \begin{center} on input line 29 ended by \end{tikz
picture}.

See the LaTeX manual or LaTeX Companion for explanation.
Type  H <return>  for immediate help.
 ...                                              
                                                  
l.41 \end{tikzpicture}
                      \end{center}\end{figure}
Your command was ignored.
Type  I <command> <return>  to replace it with another command,
or  <return>  to continue without it.


./paper.tex:46: LaTeX Error: Environment tikzpicture undefined.

See the LaTeX manual or LaTeX Companion for explanation.
Type  H <return>  for immediate help.
 ...                                              
                                                  
l.46 		\begin{tikzpicture}
                           [background rectangle/.style={fill=yellow!20}, fr...

Your command was ignored.
Type  I <command> <return>  to replace it with another command,
or  <return>  to continue without it.

./paper.tex:57: Undefined control sequence.
l.57 		\node
             [place, original state, label=below:$s_1$] (p1) at (2.5,3) {};
The control sequence at the end of the top line
of your error message was never \def'ed. If you have
misspelled it (e.g., `\hobx'), type `I' and the correct
spelling (e.g., `I\hbox'). Otherwise just continue,
and I'll forget about whatever was undefined.

./paper.tex:58: Undefined control sequence.
l.58 		\node
             [place, input state, label=right:$p_{i1}$] (pi1) at (2.5,4) {};
The control sequence at the end of the top line
of your error message was never \def'ed. If you have
misspelled it (e.g., `\hobx'), type `I' and the correct
spelling (e.g., `I\hbox'). Otherwise just continue,
and I'll forget about whatever was undefined.

./paper.tex:59: Undefined control sequence.
l.59 		\node
             [place, original state, label=right:$s_2$] (p2) at (5.5,3) {};
The control sequence at the end of the top line
of your error message was never \def'ed. If you have
misspelled it (e.g., `\hobx'), type `I' and the correct
spelling (e.g., `I\hbox'). Otherwise just continue,
and I'll forget about whatever was undefined.

./paper.tex:60: Undefined control sequence.
l.60 		\node
             [place, input state, label=left:$p_i$] (pi) at (-0.5,4) {};
The control sequence at the end of the top line
of your error message was never \def'ed. If you have
misspelled it (e.g., `\hobx'), type `I' and the correct
spelling (e.g., `I\hbox'). Otherwise just continue,
and I'll forget about whatever was undefined.

./paper.tex:61: Undefined control sequence.
l.61 		\node
             [place, control state, label=right:$p_{x}$] (px) at (4,2) {};
The control sequence at the end of the top line
of your error message was never \def'ed. If you have
misspelled it (e.g., `\hobx'), type `I' and the correct
spelling (e.g., `I\hbox'). Otherwise just continue,
and I'll forget about whatever was undefined.

./paper.tex:62: Undefined control sequence.
l.62 		\node
             [place, original state, label=left:$s_3$] (p3) at (2.5,1) {};
The control sequence at the end of the top line
of your error message was never \def'ed. If you have
misspelled it (e.g., `\hobx'), type `I' and the correct
spelling (e.g., `I\hbox'). Otherwise just continue,
and I'll forget about whatever was undefined.

./paper.tex:63: Undefined control sequence.
l.63 		\node
             [place, original state, label=right:$s_4$] (p4) at (5.5,1) {};
The control sequence at the end of the top line
of your error message was never \def'ed. If you have
misspelled it (e.g., `\hobx'), type `I' and the correct
spelling (e.g., `I\hbox'). Otherwise just continue,
and I'll forget about whatever was undefined.

./paper.tex:65: Undefined control sequence.
l.65 		\node
             [transition, original state, label=above:$t_1$] (t1) at (4,3) {}
The control sequence at the end of the top line
of your error message was never \def'ed. If you have
misspelled it (e.g., `\hobx'), type `I' and the correct
spelling (e.g., `I\hbox'). Otherwise just continue,
and I'll forget about whatever was undefined.

./paper.tex:70: Undefined control sequence.
l.70 		\node
             [transition, original state, label=above:$t_2$] (t2) at (4,1) {}
The control sequence at the end of the top line
of your error message was never \def'ed. If you have
misspelled it (e.g., `\hobx'), type `I' and the correct
spelling (e.g., `I\hbox'). Otherwise just continue,
and I'll forget about whatever was undefined.

./paper.tex:75: Undefined control sequence.
l.75 		\node
             [transition, exhaust, label=left:$t_{e1}$] (te1) at (1,3) {}
The control sequence at the end of the top line
of your error message was never \def'ed. If you have
misspelled it (e.g., `\hobx'), type `I' and the correct
spelling (e.g., `I\hbox'). Otherwise just continue,
and I'll forget about whatever was undefined.

./paper.tex:79: Undefined control sequence.
l.79 		\node
             [transition, exhaust, label=left:$t_{e2}$] (te2) at (1,2) {}
The control sequence at the end of the top line
of your error message was never \def'ed. If you have
misspelled it (e.g., `\hobx'), type `I' and the correct
spelling (e.g., `I\hbox'). Otherwise just continue,
and I'll forget about whatever was undefined.

./paper.tex:83: Undefined control sequence.
l.83 		\node
             [transition, input state, label=above left:$t_i$] (ti) at (1,4) {}
The control sequence at the end of the top line
of your error message was never \def'ed. If you have
misspelled it (e.g., `\hobx'), type `I' and the correct
spelling (e.g., `I\hbox'). Otherwise just continue,
and I'll forget about whatever was undefined.


./paper.tex:86: LaTeX Error: \begin{center} on input line 45 ended by \end{tikz
picture}.

See the LaTeX manual or LaTeX Companion for explanation.
Type  H <return>  for immediate help.
 ...                                              
                                                  
l.86 		\end{tikzpicture}
                        
Your command was ignored.
Type  I <command> <return>  to replace it with another command,
or  <return>  to continue without it.


LaTeX Warning: Reference `fig:dfa1' on page 3 undefined on input line 89.


LaTeX Warning: Reference `fig:dfa1' on page 3 undefined on input line 89.


./paper.tex:95: LaTeX Error: Environment tikzpicture undefined.

See the LaTeX manual or LaTeX Companion for explanation.
Type  H <return>  for immediate help.
 ...                                              
                                                  
l.95 		\begin{tikzpicture}
                           [background rectangle/.style={fill=yellow!20}, fr...

Your command was ignored.
Type  I <command> <return>  to replace it with another command,
or  <return>  to continue without it.

./paper.tex:103: Undefined control sequence.
l.103 		\node
              [place, original state, label=left:$s_1$] (s1) at (3,7) {};
The control sequence at the end of the top line
of your error message was never \def'ed. If you have
misspelled it (e.g., `\hobx'), type `I' and the correct
spelling (e.g., `I\hbox'). Otherwise just continue,
and I'll forget about whatever was undefined.

./paper.tex:104: Undefined control sequence.
l.104 		\node
              [place, input state, label=right:$p_{i1}$] (pi1) at (3,5) {};
The control sequence at the end of the top line
of your error message was never \def'ed. If you have
misspelled it (e.g., `\hobx'), type `I' and the correct
spelling (e.g., `I\hbox'). Otherwise just continue,
and I'll forget about whatever was undefined.

./paper.tex:105: Undefined control sequence.
l.105 		\node
              [place, original state, label=right:$s_2$] (s2) at (5,6) {};
The control sequence at the end of the top line
of your error message was never \def'ed. If you have
misspelled it (e.g., `\hobx'), type `I' and the correct
spelling (e.g., `I\hbox'). Otherwise just continue,
and I'll forget about whatever was undefined.

./paper.tex:106: Undefined control sequence.
l.106 		\node
              [place, input state, label=left:$p_i$] (pi) at (1,4) {};
The control sequence at the end of the top line
of your error message was never \def'ed. If you have
misspelled it (e.g., `\hobx'), type `I' and the correct
spelling (e.g., `I\hbox'). Otherwise just continue,
and I'll forget about whatever was undefined.

./paper.tex:107: Undefined control sequence.
l.107 		\node
              [place, input state, label=right:$p_{i2}$] (pi2) at (3,3) {};
The control sequence at the end of the top line
of your error message was never \def'ed. If you have
misspelled it (e.g., `\hobx'), type `I' and the correct
spelling (e.g., `I\hbox'). Otherwise just continue,
and I'll forget about whatever was undefined.

./paper.tex:108: Undefined control sequence.
l.108 		\node
              [place, original state, label=left:$s_3$] (s3) at (3,1) {};
The control sequence at the end of the top line
of your error message was never \def'ed. If you have
misspelled it (e.g., `\hobx'), type `I' and the correct
spelling (e.g., `I\hbox'). Otherwise just continue,
and I'll forget about whatever was undefined.

./paper.tex:109: Undefined control sequence.
l.109 		\node
              [place, original state, label=right:$s_4$] (s4) at (5,2) {};
The control sequence at the end of the top line
of your error message was never \def'ed. If you have
misspelled it (e.g., `\hobx'), type `I' and the correct
spelling (e.g., `I\hbox'). Otherwise just continue,
and I'll forget about whatever was undefined.

./paper.tex:111: Undefined control sequence.
l.111 		\node
              [transition, label=above:$t_{e1}$] (te1) at (2,6) {}
The control sequence at the end of the top line
of your error message was never \def'ed. If you have
misspelled it (e.g., `\hobx'), type `I' and the correct
spelling (e.g., `I\hbox'). Otherwise just continue,
and I'll forget about whatever was undefined.

./paper.tex:113: Undefined control sequence.
l.113 		\node
              [transition, label=above:$t_1$] (t1) at (4,6) {}
The control sequence at the end of the top line
of your error message was never \def'ed. If you have
misspelled it (e.g., `\hobx'), type `I' and the correct
spelling (e.g., `I\hbox'). Otherwise just continue,
and I'll forget about whatever was undefined.

./paper.tex:117: Undefined control sequence.
l.117 		\node
              [transition, label=above:$t_i$] (ti) at (2,4) {}
The control sequence at the end of the top line
of your error message was never \def'ed. If you have
misspelled it (e.g., `\hobx'), type `I' and the correct
spelling (e.g., `I\hbox'). Otherwise just continue,
and I'll forget about whatever was undefined.

./paper.tex:121: Undefined control sequence.
l.121 		\node
              [transition, label=above:$t_{e2}$] (te2) at (2,2) {}
The control sequence at the end of the top line
of your error message was never \def'ed. If you have
misspelled it (e.g., `\hobx'), type `I' and the correct
spelling (e.g., `I\hbox'). Otherwise just continue,
and I'll forget about whatever was undefined.

./paper.tex:123: Undefined control sequence.
l.123 		\node
              [transition, label=below:$t_2$] (t2) at (4,2) {}
The control sequence at the end of the top line
of your error message was never \def'ed. If you have
misspelled it (e.g., `\hobx'), type `I' and the correct
spelling (e.g., `I\hbox'). Otherwise just continue,
and I'll forget about whatever was undefined.


./paper.tex:128: LaTeX Error: \begin{center} on input line 94 ended by \end{tik
zpicture}.

See the LaTeX manual or LaTeX Companion for explanation.
Type  H <return>  for immediate help.
 ...                                              
                                                  
l.128 		\end{tikzpicture}
                         
Your command was ignored.
Type  I <command> <return>  to replace it with another command,
or  <return>  to continue without it.


LaTeX Warning: Reference `fig:dfa1' on page 3 undefined on input line 131.


LaTeX Warning: Reference `fig:dfa1' on page 3 undefined on input line 131.

 [3] [4] (./paper.aux)

LaTeX Warning: There were undefined references.


LaTeX Warning: Label(s) may have changed. Rerun to get cross-references right.

 ) 
Here is how much of TeX's memory you used:
 421 strings out of 94500
 4723 string characters out of 1176765
 55675 words of memory out of 1000000
 3651 multiletter control sequences out of 10000+50000
 8502 words of font info for 30 fonts, out of 500000 for 2000
 580 hyphenation exceptions out of 1000
 23i,6n,21p,878b,187s stack positions out of 1500i,500n,5000p,200000b,5000s
PDF statistics:
 43 PDF objects out of 300000
 0 named destinations out of 131072
 1 words of extra memory for PDF output out of 65536
</usr/share/texmf/fonts/type1/bluesky/cm/cmbx10.pfb></usr/share/texmf/fonts/t
ype1/bluesky/cm/cmmi7.pfb></usr/share/texmf/fonts/type1/bluesky/cm/cmr7.pfb></u
sr/share/texmf/fonts/type1/bluesky/cm/cmmi10.pfb></usr/share/texmf/fonts/type1/
bluesky/cm/cmbx12.pfb></usr/share/texmf/fonts/type1/bluesky/cm/cmr9.pfb></usr/s
hare/texmf/fonts/type1/bluesky/cm/cmbx9.pfb></usr/share/texmf/fonts/type1/blues
ky/cm/cmr12.pfb></usr/share/texmf/fonts/type1/bluesky/cm/cmr17.pfb></usr/share/
texmf/fonts/type1/bluesky/cm/cmr10.pfb>
Output written on paper.pdf (4 pages, 64394 bytes).
